1551442119345	mozrunner::runner	INFO	Running command: "C:\\Program Files (x86)\\Mozilla Firefox\\firefox.exe" "-marionette" "-foreground" "-no-remote" "-profile" "C:\\Users\\ajayth\\AppData\\Local\\Temp\\rust_mozprofile.wYWaSLiegUvO"
1551442120483	addons.webextension.screenshots@mozilla.org	WARN	Loading extension 'screenshots@mozilla.org': Reading manifest: Invalid host permission: resource://pdf.js/
1551442120483	addons.webextension.screenshots@mozilla.org	WARN	Loading extension 'screenshots@mozilla.org': Reading manifest: Invalid host permission: about:reader*
1551442123162	Marionette	INFO	Listening on port 60757
1551442123261	Marionette	WARN	TLS certificate errors will be ignored for this session
1551442145102	Marionette	INFO	Stopped listening on port 60757
[Child 25380, Chrome_ChildThread] WARNING: pipe error: 109: file z:/build/build/src/ipc/chromium/src/chrome/common/ipc_channel_win.cc, line 332
[Child 25380, Chrome_ChildThread] WARNING: pipe error: 109: file z:/build/build/src/ipc/chromium/src/chrome/common/ipc_channel_win.cc, line 332
[Child 2252, Chrome_ChildThread] WARNING: pipe error: 109: file z:/build/build/src/ipc/chromium/src/chrome/common/ipc_channel_win.cc, line 332
[Child 2252, Chrome_ChildThread] WARNING: pipe error: 109: file z:/build/bui[Parent 25712, Gecko_IOThread] WARNING: pipe error: 109: file z:/build/build/src/ipc/chromium/src/chrome/common/ipc_channel_win.cc, line 332
[Child 27484, Chrome_ChildThread] WARNING: pipe error: 109: file z:/build/build/src/ipc/chromium/src/chrome/common/ipc_channel_win.cc, line 332
[Child 27484, Chro[GPU 9396, Chrome_Chi
###!!! [Child][RunMessage] Error: Channel closing: too late to send/recv, messages will be lost


###!!! [Child][MessageChannel::SendAndWait] Error: Channel error: cannot send/recv

cv

ogram%20Files%20(x86)/Mozilla%20Firefox/omni.ja!/components/nsPrompter.js:507:5
openPrompt@jar:file:///C:/Program%20Files%20(x86)/Mozilla%20Firefox/omni.ja!/components/nsPrompter.js:560:13
alert@jar:file:///C:/Program%20Files%20(x86)/Mozilla%20Firefox/omni.ja!/components/nsPrompter.js:614:9
checkSpecialChar2@https://10.92.10.156/sdpgui/js/application.js:2109:4
checkChannel@https://10.92.10.156/sdpgui/js/application.js:1034:7
onclick@https://10.92.10.156/sdpgui/html/channelConf.php:1:8
event.synthesizeMouseAtPoint@chrome://marionette/content/event.js:202:5
webdriverClickElement@chrome://marionette/content/interaction.js:183:5
1549521355347	Marionette	WARN	TimedPromise timed out after 500 ms: stacktrace:
bail@chrome://marionette/content/sync.js:196:64
openRemotePrompt@jar:file:///C:/Program%20Files%20(x86)/Mozilla%20Firefox/omni.ja!/components/nsPrompter.js:507:5
openPrompt@jar:file:///C:/Program%20Files%20(x86)/Mozilla%20Firefox/omni.ja!/components/nsPrompter.js:560:13
alertCheck@jar:file:///C:/Program%20Files%20(x86)/Mozilla%20Firefox/omni.ja!/components/nsPrompter.js:629:9
checkSpecialChar2@https://10.92.10.156/sdpgui/js/application.js:2109:4
checkChannel@https://10.92.10.156/sdpgui/js/application.js:1034:7
onclick@https://10.92.10.156/sdpgui/html/channelConf.php:1:8
event.synthesizeMouseAtPoint@chrome://marionette/content/event.js:202:5
webdriverClickElement@chrome://marionette/content/interaction.js:183:5
1549521361344	Marionette	INFO	Stopped listening on port 51082
[Child 7848, Chrome_ChildThread] WARNING: pipe error: 109: file z:/build/build/src/ipc/chromium/src/chrome/common/ipc_channel_win.cc, line 332
[Child 7848, Chrome_ChildThread] WARNING: pipe error: [Child 19188, Chrome_ChildThread] WARNING: pipe error: 109: file z:/build/build/src/ipc/chromium/src/chrome/common/ipc_channel_win.cc, line 332
[Child 1918[Parent 3196, Gecko_IOThread] WARNING: pipe error: 109: file z:/build/build/src/ipc/chromium/src/chrome/common/ipc_channel_win.cc, line 332
[Child 4668, Chrome_ChildThread] WARNING: pipe error: 109: file z:/build/build/src/ipc/chromium/src/chrome/common/ipc_channel_win.cc, line 332
[Child 4668, Chrome_ChildThread] WARNING: pipe error: 109: file z:/build/build/src/ipc[
###!!! [Child][RunMessage] Error: Channel closing: too late to send/recv, messages will be lost

GPU 3496, C
###!!! [Child][MessageChannel::SendAndWait] Error: Channel error: cannot send/recv

nsIJSCID.getService]
JavaScript error: chrome://pippki/content/exceptionDialog.js, line 334: NS_ERROR_XPC_GS_RETURNED_FAILURE: Component returned failure code: 0x80570016 (NS_ERROR_XPC_GS_RETURNED_FAILURE) [nsIJSCID.getService]
JavaScript error: chrome://pippki/content/exceptionDialog.js, line 334: NS_ERROR_XPC_GS_RETURNED_FAILURE: Component returned failure code: 0x80570016 (NS_ERROR_XPC_GS_RETURNED_FAILURE) [nsIJSCID.getService]
JavaScript error: chrome://pippki/content/exceptionDialog.js, line 334: NS_ERROR_XPC_GS_RETURNED_FAILURE: Component returned failure code: 0x80570016 (NS_ERROR_XPC_GS_RETURNED_FAILURE) [nsIJSCID.getService]
JavaScript error: chrome://pippki/content/exceptionDialog.js, line 334: NS_ERROR_XPC_GS_RETURNED_FAILURE: Component returned failure code: 0x80570016 (NS_ERROR_XPC_GS_RETURNED_FAILURE) [nsIJSCID.getService]
JavaScript error: chrome://pippki/content/exceptionDialog.js, line 334: NS_ERROR_XPC_GS_RETURNED_FAILURE: Component returned failure code: 0x80570016 (NS_ERROR_XPC_GS_RETURNED_FAILURE) [nsIJSCID.getService]
JavaScript error: chrome://pippki/content/exceptionDialog.js, line 334: NS_ERROR_XPC_GS_RETURNED_FAILURE: Component returned failure code: 0x80570016 (NS_ERROR_XPC_GS_RETURNED_FAILURE) [nsIJSCID.getService]
JavaScript error: chrome://pippki/content/exceptionDialog.js, line 334: NS_ERROR_XPC_GS_RETURNED_FAILURE: Component returned failure code: 0x80570016 (NS_ERROR_XPC_GS_RETURNED_FAILURE) [nsIJSCID.getService]
JavaScript error: chrome://pippki/content/exceptionDialog.js, line 334: NS_ERROR_XPC_GS_RETURNED_FAILURE: Component returned failure code: 0x80570016 (NS_ERROR_XPC_GS_RETURNED_FAILURE) [nsIJSCID.getService]
JavaScript error: chrome://pippki/content/exceptionDialog.js, line 334: NS_ERROR_XPC_GS_RETURNED_FAILURE: Component returned failure code: 0x80570016 (NS_ERROR_XPC_GS_RETURNED_FAILURE) [nsIJSCID.getService]
JavaScript error: chrome://pippki/content/exceptionDialog.js, line 334: NS_ERROR_XPC_GS_RETURNED_FAILURE: Component returned failure code: 0x80570016 (NS_ERROR_XPC_GS_RETURNED_FAILURE) [nsIJSCID.getService]
JavaScript error: chrome://pippki/content/exceptionDialog.js, line 334: NS_ERROR_XPC_GS_RETURNED_FAILURE: Component returned failure code: 0x80570016 (NS_ERROR_XPC_GS_RETURNED_FAILURE) [nsIJSCID.getService]
JavaScript error: chrome://pippki/content/exceptionDialog.js, line 334: NS_ERROR_XPC_GS_RETURNED_FAILURE: Component returned failure code: 0x80570016 (NS_ERROR_XPC_GS_RETURNED_FAILURE) [nsIJSCID.getService]
[Child 32, Chrome_ChildThread] WARNING: pipe error: 109: file z:/build/build/src/ipc/chromium/src/chrome/common/ipc_channel_win.cc, line 332
[Child 32,1549348955385	Marionette	INFO	Stopped listening on port 53015

###!!! [Child][RunMessage] Error: Channel closing: too late to send/recv, messages will be lost

[GPU 14076,
###!!! [Child][MessageChannel::SendAndWait] Error: Channel error: cannot send/recv

stemAddonInstallLocation directory is missing
1545294918669	addons.xpi-utils	DEBUG	Opening XPI database C:\Users\ajayth\AppData\Local\Temp\rust_mozprofile.yBtVxl2yFnQm\extensions.json
1545294918670	addons.xpi-utils	DEBUG	New add-on activity-stream@mozilla.org installed in app-system-defaults
*** Blocklist::_loadBlocklistFromFile: blocklist is disabled
1545294918693	DeferredSave.extensions.json	DEBUG	Save changes
1545294918694	addons.xpi-utils	DEBUG	New add-on aushelper@mozilla.org installed in app-system-defaults
1545294918697	DeferredSave.extensions.json	DEBUG	Starting timer
1545294918699	DeferredSave.extensions.json	DEBUG	Save changes
1545294918699	addons.xpi-utils	DEBUG	New add-on clicktoplay-rollout@mozilla.org installed in app-system-defaults
1545294918703	DeferredSave.extensions.json	DEBUG	Save changes
1545294918703	addons.xpi-utils	DEBUG	New add-on e10srollout@mozilla.org installed in app-system-defaults
1545294918707	DeferredSave.extensions.json	DEBUG	Save changes
1545294918707	addons.xpi-utils	DEBUG	New add-on firefox@getpocket.com installed in app-system-defaults
1545294918710	DeferredSave.extensions.json	DEBUG	Save changes
1545294918710	addons.xpi-utils	DEBUG	New add-on followonsearch@mozilla.com installed in app-system-defaults
1545294918714	DeferredSave.extensions.json	DEBUG	Save changes
1545294918714	addons.xpi-utils	DEBUG	New add-on formautofill@mozilla.org installed in app-system-defaults
1545294918716	DeferredSave.extensions.json	DEBUG	Save changes
1545294918716	addons.xpi-utils	DEBUG	New add-on onboarding@mozilla.org installed in app-system-defaults
1545294918719	DeferredSave.extensions.json	DEBUG	Save changes
1545294918719	addons.xpi-utils	DEBUG	New add-on screenshots@mozilla.org installed in app-system-defaults
1545294918723	DeferredSave.extensions.json	DEBUG	Save changes
1545294918723	addons.xpi-utils	DEBUG	New add-on shield-recipe-client@mozilla.org installed in app-system-defaults
1545294918726	DeferredSave.extensions.json	DEBUG	Save changes
1545294918727	addons.xpi-utils	DEBUG	New add-on webcompat@mozilla.org installed in app-system-defaults
1545294918733	DeferredSave.extensions.json	DEBUG	Save changes
1545294918733	addons.xpi-utils	DEBUG	New add-on {972ce4c6-7e08-4474-a285-3208198ce6fd} installed in app-global
1545294918738	DeferredSave.extensions.json	DEBUG	Save changes
1545294918739	addons.manager	DEBUG	Registering startup change 'installed' for activity-stream@mozilla.org
1545294918745	addons.xpi	DEBUG	Loading bootstrap scope from C:\Program Files (x86)\Mozilla Firefox\browser\features\activity-stream@mozilla.org.xpi
1545294918749	addons.xpi	DEBUG	Calling bootstrap method install on activity-stream@mozilla.org version 0.0.0
1545294918749	addons.xpi-utils	DEBUG	Make addon app-system-defaults:activity-stream@mozilla.org visible
1545294918749	addons.xpi	DEBUG	Updating XPIState for {"id":"activity-stream@mozilla.org","syncGUID":"{d1716ed8-5a87-44b9-8d31-71cc8514e25a}","location":"app-system-defaults","version":"0.0.0","type":"extension","internalName":null,"updateURL":null,"updateKey":null,"optionsURL":null,"optionsType":null,"aboutURL":null,"defaultLocale":{"name":"Activity Stream","description":"A rich visual history feed and a reimagined home page make it easier than ever to find exactly what you're looking for in Firefox.","creator":null,"homepageURL":null},"visible":true,"active":false,"userDisabled":false,"appDisabled":false,"installDate":1544770701896,"updateDate":1544770701896,"applyBackgroundUpdates":1,"bootstrap":true,"path":"C:\\Program Files (x86)\\Mozilla Firefox\\browser\\features\\activity-stream@mozilla.org.xpi","skinnable":false,"size":1280296,"sourceURI":null,"releaseNotesURI":null,"softDisabled":false,"foreignInstall":false,"hasBinaryComponents":false,"strictCompatibility":false,"locales":[],"targetApplications":[{"id":"{ec8030f7-c20a-464f-9b0e-13a3a9e97384}","minVersion":"56.0","maxVersion":"56.*"}],"targetPlatforms":[],"multiprocessCompatible":true,"seen":true,"dependencies":[],"hasEmbeddedWebExtension":false,"mpcOptedOut":false,"userPermissions":null,"icons":{},"iconURL":null,"icon64URL":null,"blocklistState":0,"blocklistURL":null}
1545294918751	DeferredSave.extensions.json	DEBUG	Save changes
1545294918751	addons.manager	DEBUG	Registering startup change 'installed' for aushelper@mozilla.org
1545294918752	addons.xpi	DEBUG	Loading bootstrap scope from C:\Program Files (x86)\Mozilla Firefox\browser\features\aushelper@mozilla.org.xpi
1545294918755	addons.xpi	DEBUG	Calling bootstrap method install on aushelper@mozilla.org version 2.0
1545294918755	addons.xpi-utils	DEBUG	Make addon app-system-defaults:aushelper@mozilla.org visible
1545294918755	addons.xpi	DEBUG	Updating XPIState for {"id":"aushelper@mozilla.org","syncGUID":"{679638b0-797e-4be3-aed7-8f59308453ca}","location":"app-system-defaults","version":"2.0","type":"extension","internalName":null,"updateURL":null,"updateKey":null,"optionsURL":null,"optionsType":null,"aboutURL":null,"defaultLocale":{"name":"Application Update Service Helper","description":"Sets value(s) in the update url based on custom checks.","creator":null,"homepageURL":null},"visible":true,"active":false,"userDisabled":false,"appDisabled":false,"installDate":1544770701825,"updateDate":1544770701825,"applyBackgroundUpdates":1,"bootstrap":true,"path":"C:\\Program Files (x86)\\Mozilla Firefox\\browser\\features\\aushelper@mozilla.org.xpi","skinnable":false,"size":8486,"sourceURI":null,"releaseNotesURI":null,"softDisabled":false,"foreignInstall":false,"hasBinaryComponents":false,"strictCompatibility":false,"locales":[],"targetApplications":[{"id":"{ec8030f7-c20a-464f-9b0e-13a3a9e97384}","minVersion":"56.0","maxVersion":"56.*"}],"targetPlatforms":[],"multiprocessCompatible":true,"seen":true,"dependencies":[],"hasEmbeddedWebExtension":false,"mpcOptedOut":false,"userPermissions":null,"icons":{},"iconURL":null,"icon64URL":null,"blocklistState":0,"blocklistURL":null}
1545294918755	DeferredSave.extensions.json	DEBUG	Save changes
1545294918755	addons.manager	DEBUG	Registering startup change 'installed' for clicktoplay-rollout@mozilla.org
1545294918756	addons.xpi	DEBUG	Loading bootstrap scope from C:\Program Files (x86)\Mozilla Firefox\browser\features\clicktoplay-rollout@mozilla.org.xpi
1545294918766	addons.xpi	DEBUG	Calling bootstrap method install on clicktoplay-rollout@mozilla.org version 1.4
1545294918766	addons.xpi-utils	DEBUG	Make addon app-system-defaults:clicktoplay-rollout@mozilla.org visible
1545294918766	addons.xpi	DEBUG	Updating XPIState for {"id":"clicktoplay-rollout@mozilla.org","syncGUID":"{5ffdc861-430a-4215-a542-ceb5e08f015e}","location":"app-system-defaults","version":"1.4","type":"extension","internalName":null,"updateURL":null,"updateKey":null,"optionsURL":null,"optionsType":null,"aboutURL":null,"defaultLocale":{"name":"Click-to-Play staged rollout","description":"Staged rollout for Click-to-Play Flash.","creator":null,"homepageURL":null},"visible":true,"active":false,"userDisabled":false,"appDisabled":false,"installDate":1544770701822,"updateDate":1544770701822,"applyBackgroundUpdates":1,"bootstrap":true,"path":"C:\\Program Files (x86)\\Mozilla Firefox\\browser\\features\\clicktoplay-rollout@mozilla.org.xpi","skinnable":false,"size":5779,"sourceURI":null,"releaseNotesURI":null,"softDisabled":false,"foreignInstall":false,"hasBinaryComponents":false,"strictCompatibility":false,"locales":[],"targetApplications":[{"id":"{ec8030f7-c20a-464f-9b0e-13a3a9e97384}","minVersion":"56.0","maxVersion":"56.*"}],"targetPlatforms":[],"multiprocessCompatible":true,"seen":true,"dependencies":[],"hasEmbeddedWebExtension":false,"mpcOptedOut":false,"userPermissions":null,"icons":{},"iconURL":null,"icon64URL":null,"blocklistState":0,"blocklistURL":null}
1545294918766	DeferredSave.extensions.json	DEBUG	Save changes
1545294918766	addons.manager	DEBUG	Registering startup change 'installed' for e10srollout@mozilla.org
1545294918767	addons.xpi	DEBUG	Loading bootstrap scope from C:\Program Files (x86)\Mozilla Firefox\browser\features\e10srollout@mozilla.org.xpi
1545294918770	addons.xpi	DEBUG	Calling bootstrap method install on e10srollout@mozilla.org version 3.00
1545294918771	addons.xpi-utils	DEBUG	Make addon app-system-defaults:e10srollout@mozilla.org visible
1545294918771	addons.xpi	DEBUG	Updating XPIState for {"id":"e10srollout@mozilla.org","syncGUID":"{c755ccb0-754c-4925-8466-6d3995e794d1}","location":"app-system-defaults","version":"3.00","type":"extension","internalName":null,"updateURL":null,"updateKey":null,"optionsURL":null,"optionsType":null,"aboutURL":null,"defaultLocale":{"name":"Multi-process staged rollout","description":"Staged rollout of Firefox multi-process feature.","creator":null,"homepageURL":null},"visible":true,"active":false,"userDisabled":false,"appDisabled":false,"installDate":1544770701819,"updateDate":1544770701819,"applyBackgroundUpdates":1,"bootstrap":true,"path":"C:\\Program Files (x86)\\Mozilla Firefox\\browser\\features\\e10srollout@mozilla.org.xpi","skinnable":false,"size":13710,"sourceURI":null,"releaseNotesURI":null,"softDisabled":false,"foreignInstall":false,"hasBinaryComponents":false,"strictCompatibility":false,"locales":[],"targetApplications":[{"id":"{ec8030f7-c20a-464f-9b0e-13a3a9e97384}","minVersion":"56.0","maxVersion":"56.*"}],"targetPlatforms":[],"multiprocessCompatible":true,"seen":true,"dependencies":[],"hasEmbeddedWebExtension":false,"mpcOptedOut":false,"userPermissions":null,"icons":{},"iconURL":null,"icon64URL":null,"blocklistState":0,"blocklistURL":null}
1545294918771	DeferredSave.extensions.json	DEBUG	Save changes
1545294918771	addons.manager	DEBUG	Registering startup change 'installed' for firefox@getpocket.com
1545294918771	addons.xpi	DEBUG	Loading bootstrap scope from C:\Program Files (x86)\Mozilla Firefox\browser\features\firefox@getpocket.com.xpi
1545294918776	addons.xpi	DEBUG	Calling bootstrap method install on firefox@getpocket.com version 1.0.5
1545294918776	addons.xpi-utils	DEBUG	Make addon app-system-defaults:firefox@getpocket.com visible
1545294918776	addons.xpi	DEBUG	Updating XPIState for {"id":"firefox@getpocket.com","syncGUID":"{2e6c862f-8840-4748-aa05-8712258b195d}","location":"app-system-defaults","version":"1.0.5","type":"extension","internalName":null,"updateURL":null,"updateKey":null,"optionsURL":null,"optionsType":null,"aboutURL":null,"defaultLocale":{"name":"Pocket","description":"When you find something you want to view later, put it in Pocket.","creator":null,"homepageURL":null},"visible":true,"active":false,"userDisabled":false,"appDisabled":false,"installDate":1544770701816,"updateDate":1544770701816,"applyBackgroundUpdates":1,"bootstrap":true,"path":"C:\\Program Files (x86)\\Mozilla Firefox\\browser\\features\\firefox@getpocket.com.xpi","skinnable":false,"size":1002023,"sourceURI":null,"releaseNotesURI":null,"softDisabled":false,"foreignInstall":false,"hasBinaryComponents":false,"strictCompatibility":false,"locales":[],"targetApplications":[{"id":"{ec8030f7-c20a-464f-9b0e-13a3a9e97384}","minVersion":"56.0","maxVersion":"56.*"}],"targetPlatforms":[],"multiprocessCompatible":true,"seen":true,"dependencies":[],"hasEmbeddedWebExtension":false,"mpcOptedOut":false,"userPermissions":null,"icons":{},"iconURL":null,"icon64URL":null,"blocklistState":0,"blocklistURL":null}
1545294918776	DeferredSave.extensions.json	DEBUG	Save changes
1545294918776	addons.manager	DEBUG	Registering startup change 'installed' for followonsearch@mozilla.com
1545294918777	addons.xpi	DEBUG	Loading bootstrap scope from C:\Program Files (x86)\Mozilla Firefox\browser\features\followonsearch@mozilla.com.xpi
1545294918780	addons.xpi	DEBUG	Calling bootstrap method install on followonsearch@mozilla.com version 0.9.3
1545294918780	addons.xpi-utils	DEBUG	Make addon app-system-defaults:followonsearch@mozilla.com visible
1545294918780	addons.xpi	DEBUG	Updating XPIState for {"id":"followonsearch@mozilla.com","syncGUID":"{ef3d12d5-7f13-4873-9c19-632af2ae24f2}","location":"app-system-defaults","version":"0.9.3","type":"extension","internalName":null,"updateURL":null,"updateKey":null,"optionsURL":null,"optionsType":null,"aboutURL":null,"defaultLocale":{"name":"Follow-on Search Telemetry","description":null,"creator":null,"homepageURL":null},"visible":true,"active":false,"userDisabled":false,"appDisabled":false,"installDate":1544770701742,"updateDate":1544770701742,"applyBackgroundUpdates":1,"bootstrap":true,"path":"C:\\Program Files (x86)\\Mozilla Firefox\\browser\\features\\followonsearch@mozilla.com.xpi","skinnable":false,"size":16802,"sourceURI":null,"releaseNotesURI":null,"softDisabled":false,"foreignInstall":false,"hasBinaryComponents":false,"strictCompatibility":false,"locales":[],"targetApplications":[{"id":"{ec8030f7-c20a-464f-9b0e-13a3a9e97384}","minVersion":"52.0","maxVersion":"59.*"}],"targetPlatforms":[],"multiprocessCompatible":true,"seen":true,"dependencies":[],"hasEmbeddedWebExtension":false,"mpcOptedOut":false,"userPermissions":null,"icons":{},"iconURL":null,"icon64URL":null,"blocklistState":0,"blocklistURL":null}
1545294918780	DeferredSave.extensions.json	DEBUG	Save changes
1545294918780	addons.manager	DEBUG	Registering startup change 'installed' for formautofill@mozilla.org
1545294918781	addons.xpi	DEBUG	Loading bootstrap scope from C:\Program Files (x86)\Mozilla Firefox\browser\features\formautofill@mozilla.org.xpi
1545294918784	addons.xpi	DEBUG	Calling bootstrap method install on formautofill@mozilla.org version 1.0
1545294918784	addons.xpi-utils	DEBUG	Make addon app-system-defaults:formautofill@mozilla.org visible
1545294918784	addons.xpi	DEBUG	Updating XPIState for {"id":"formautofill@mozilla.org","syncGUID":"{ef0e18ee-e51f-4dfb-a1d3-61e418f69ea6}","location":"app-system-defaults","version":"1.0","type":"extension","internalName":null,"updateURL":null,"updateKey":null,"optionsURL":null,"optionsType":null,"aboutURL":null,"defaultLocale":{"name":"Form Autofill","description":"Autofill forms with saved profiles","creator":null,"homepageURL":null},"visible":true,"active":false,"userDisabled":false,"appDisabled":false,"installDate":1544770701738,"updateDate":1544770701738,"applyBackgroundUpdates":1,"bootstrap":true,"path":"C:\\Program Files (x86)\\Mozilla Firefox\\browser\\features\\formautofill@mozilla.org.xpi","skinnable":false,"size":335585,"sourceURI":null,"releaseNotesURI":null,"softDisabled":false,"foreignInstall":false,"hasBinaryComponents":false,"strictCompatibility":false,"locales":[],"targetApplications":[{"id":"{ec8030f7-c20a-464f-9b0e-13a3a9e97384}","minVersion":"56.0","maxVersion":"56.*"}],"targetPlatforms":[],"multiprocessCompatible":true,"seen":true,"dependencies":[],"hasEmbeddedWebExtension":false,"mpcOptedOut":false,"userPermissions":null,"icons":{},"iconURL":null,"icon64URL":null,"blocklistState":0,"blocklistURL":null}
1545294918784	DeferredSave.extensions.json	DEBUG	Save changes
1545294918784	addons.manager	DEBUG	Registering startup change 'installed' for onboarding@mozilla.org
1545294918785	addons.xpi	DEBUG	Loading bootstrap scope from C:\Program Files (x86)\Mozilla Firefox\browser\features\onboarding@mozilla.org.xpi
1545294918788	addons.xpi	DEBUG	Calling bootstrap method install on onboarding@mozilla.org version 0.1
1545294918788	addons.xpi-utils	DEBUG	Make addon app-system-defaults:onboarding@mozilla.org visible
1545294918788	addons.xpi	DEBUG	Updating XPIState for {"id":"onboarding@mozilla.org","syncGUID":"{e04b0d3c-98bd-4f83-92a3-05be6f3ae42a}","location":"app-system-defaults","version":"0.1","type":"extension","internalName":null,"updateURL":null,"updateKey":null,"optionsURL":null,"optionsType":null,"aboutURL":null,"defaultLocale":{"name":"Photon onboarding","description":"Photon onboarding","creator":null,"homepageURL":null},"visible":true,"active":false,"userDisabled":false,"appDisabled":false,"installDate":1544770701722,"updateDate":1544770701722,"applyBackgroundUpdates":1,"bootstrap":true,"path":"C:\\Program Files (x86)\\Mozilla Firefox\\browser\\features\\onboarding@mozilla.org.xpi","skinnable":false,"size":426439,"sourceURI":null,"releaseNotesURI":null,"softDisabled":false,"foreignInstall":false,"hasBinaryComponents":false,"strictCompatibility":false,"locales":[],"targetApplications":[{"id":"{ec8030f7-c20a-464f-9b0e-13a3a9e97384}","minVersion":"56.0","maxVersion":"56.*"}],"targetPlatforms":[],"multiprocessCompatible":true,"seen":true,"dependencies":[],"hasEmbeddedWebExtension":false,"mpcOptedOut":false,"userPermissions":null,"icons":{},"iconURL":null,"icon64URL":null,"blocklistState":0,"blocklistURL":null}
1545294918789	DeferredSave.extensions.json	DEBUG	Save changes
1545294918789	addons.manager	DEBUG	Registering startup change 'installed' for screenshots@mozilla.org
1545294918789	addons.xpi	DEBUG	Loading bootstrap scope from C:\Program Files (x86)\Mozilla Firefox\browser\features\screenshots@mozilla.org.xpi
1545294918792	addons.xpi	DEBUG	Calling bootstrap method install on screenshots@mozilla.org version 10.12.0
1545294918792	addons.xpi-utils	DEBUG	Make addon app-system-defaults:screenshots@mozilla.org visible
1545294918792	addons.xpi	DEBUG	Updating XPIState for {"id":"screenshots@mozilla.org","syncGUID":"{73d0b99c-179b-45ff-9815-dffd09c223f5}","location":"app-system-defaults","version":"10.12.0","type":"extension","internalName":null,"updateURL":null,"updateKey":null,"optionsURL":null,"optionsType":null,"aboutURL":null,"defaultLocale":{"name":"Firefox Screenshots","description":null,"creator":null,"homepageURL":"https://pageshot.net/"},"visible":true,"active":false,"userDisabled":false,"appDisabled":false,"installDate":1544770701701,"updateDate":1544770701701,"applyBackgroundUpdates":1,"bootstrap":true,"path":"C:\\Program Files (x86)\\Mozilla Firefox\\browser\\features\\screenshots@mozilla.org.xpi","skinnable":false,"size":714554,"sourceURI":null,"releaseNotesURI":null,"softDisabled":false,"foreignInstall":false,"hasBinaryComponents":false,"strictCompatibility":false,"locales":[],"targetApplications":[{"id":"{ec8030f7-c20a-464f-9b0e-13a3a9e97384}","minVersion":"51.0a1","maxVersion":"*"}],"targetPlatforms":[],"multiprocessCompatible":true,"seen":true,"dependencies":[],"hasEmbeddedWebExtension":false,"mpcOptedOut":false,"userPermissions":null,"icons":{},"iconURL":null,"icon64URL":null,"blocklistState":0,"blocklistURL":null}
1545294918793	DeferredSave.extensions.json	DEBUG	Save changes
1545294918793	addons.manager	DEBUG	Registering startup change 'installed' for shield-recipe-client@mozilla.org
1545294918793	addons.xpi	DEBUG	Loading bootstrap scope from C:\Program Files (x86)\Mozilla Firefox\browser\features\shield-recipe-client@mozilla.org.xpi
1545294918795	addons.xpi	DEBUG	Calling bootstrap method install on shield-recipe-client@mozilla.org version 65
1545294918795	addons.xpi-utils	DEBUG	Make addon app-system-defaults:shield-recipe-client@mozilla.org visible
1545294918796	addons.xpi	DEBUG	Updating XPIState for {"id":"shield-recipe-client@mozilla.org","syncGUID":"{36ece3fe-cae7-409e-ab11-ccbf6a4d6bf4}","location":"app-system-defaults","version":"65","type":"extension","internalName":null,"updateURL":null,"updateKey":null,"optionsURL":null,"optionsType":null,"aboutURL":null,"defaultLocale":{"name":"Shield Recipe Client","description":"Client to download and run recipes for SHIELD, Heartbeat, etc.","creator":null,"homepageURL":null},"visible":true,"active":false,"userDisabled":false,"appDisabled":false,"installDate":1544770701666,"updateDate":1544770701666,"applyBackgroundUpdates":1,"bootstrap":true,"path":"C:\\Program Files (x86)\\Mozilla Firefox\\browser\\features\\shield-recipe-client@mozilla.org.xpi","skinnable":false,"size":362688,"sourceURI":null,"releaseNotesURI":null,"softDisabled":false,"foreignInstall":false,"hasBinaryComponents":false,"strictCompatibility":false,"locales":[],"targetApplications":[{"id":"{ec8030f7-c20a-464f-9b0e-13a3a9e97384}","minVersion":"56.0","maxVersion":"56.*"}],"targetPlatforms":[],"multiprocessCompatible":true,"seen":true,"dependencies":[],"hasEmbeddedWebExtension":false,"mpcOptedOut":false,"userPermissions":null,"icons":{},"iconURL":null,"icon64URL":null,"blocklistState":0,"blocklistURL":null}
1545294918796	DeferredSave.extensions.json	DEBUG	Save changes
1545294918796	addons.manager	DEBUG	Registering startup change 'installed' for webcompat@mozilla.org
1545294918797	addons.xpi	DEBUG	Loading bootstrap scope from C:\Program Files (x86)\Mozilla Firefox\browser\features\webcompat@mozilla.org.xpi
1545294918800	addons.xpi	DEBUG	Calling bootstrap method install on webcompat@mozilla.org version 1.1
1545294918800	addons.xpi-utils	DEBUG	Make addon app-system-defaults:webcompat@mozilla.org visible
1545294918801	addons.xpi	DEBUG	Updating XPIState for {"id":"webcompat@mozilla.org","syncGUID":"{2d46c097-e1d4-4bec-a047-a3c0b7e9a810}","location":"app-system-defaults","version":"1.1","type":"extension","internalName":null,"updateURL":null,"updateKey":null,"optionsURL":null,"optionsType":null,"aboutURL":null,"defaultLocale":{"name":"Web Compat","description":"Urgent post-release fixes for web compatibility.","creator":null,"homepageURL":null},"visible":true,"active":false,"userDisabled":false,"appDisabled":false,"installDate":1544770701650,"updateDate":1544770701650,"applyBackgroundUpdates":1,"bootstrap":true,"path":"C:\\Program Files (x86)\\Mozilla Firefox\\browser\\features\\webcompat@mozilla.org.xpi","skinnable":false,"size":8990,"sourceURI":null,"releaseNotesURI":null,"softDisabled":false,"foreignInstall":false,"hasBinaryComponents":false,"strictCompatibility":false,"locales":[],"targetApplications":[{"id":"{ec8030f7-c20a-464f-9b0e-13a3a9e97384}","minVersion":"56.0","maxVersion":"56.*"}],"targetPlatforms":[],"multiprocessCompatible":true,"seen":true,"dependencies":[],"hasEmbeddedWebExtension":false,"mpcOptedOut":false,"userPermissions":null,"icons":{},"iconURL":null,"icon64URL":null,"blocklistState":0,"blocklistURL":null}
1545294918803	DeferredSave.extensions.json	DEBUG	Save changes
1545294918803	addons.xpi-utils	DEBUG	Make addon app-global:{972ce4c6-7e08-4474-a285-3208198ce6fd} visible
1545294918804	addons.xpi	DEBUG	Updating XPIState for {"id":"{972ce4c6-7e08-4474-a285-3208198ce6fd}","syncGUID":"{13dc3c8e-8d5d-4f3b-8761-9dc606ed8c41}","location":"app-global","version":"56.0","type":"theme","internalName":"classic/1.0","updateURL":null,"updateKey":null,"optionsURL":null,"optionsType":null,"optionsBrowserStyle":null,"aboutURL":null,"defaultLocale":{"name":"Default","description":"The default theme.","creator":"Mozilla","homepageURL":null,"contributors":["Mozilla Contributors"]},"visible":true,"active":false,"userDisabled":false,"appDisabled":false,"installDate":1544770701900,"updateDate":1544770701900,"applyBackgroundUpdates":1,"path":"C:\\Program Files (x86)\\Mozilla Firefox\\browser\\extensions\\{972ce4c6-7e08-4474-a285-3208198ce6fd}.xpi","skinnable":true,"size":7141,"sourceURI":null,"releaseNotesURI":null,"softDisabled":false,"foreignInstall":false,"hasBinaryComponents":false,"strictCompatibility":true,"locales":[],"targetApplications":[{"id":"{ec8030f7-c20a-464f-9b0e-13a3a9e97384}","minVersion":"56.0","maxVersion":"56.0"}],"targetPlatforms":[],"seen":true,"dependencies":[],"hasEmbeddedWebExtension":false,"userPermissions":null,"icons":{},"iconURL":"chrome://browser/content/default-theme-icon.svg","icon64URL":null,"blocklistState":0,"blocklistURL":null}
1545294918804	DeferredSave.extensions.json	DEBUG	Save changes
1545294918804	addons.xpi	DEBUG	Updating XPIState for {"id":"activity-stream@mozilla.org","syncGUID":"{d1716ed8-5a87-44b9-8d31-71cc8514e25a}","location":"app-system-defaults","version":"0.0.0","type":"extension","internalName":null,"updateURL":null,"updateKey":null,"optionsURL":null,"optionsType":null,"aboutURL":null,"defaultLocale":{"name":"Activity Stream","description":"A rich visual history feed and a reimagined home page make it easier than ever to find exactly what you're looking for in Firefox.","creator":null,"homepageURL":null},"visible":true,"active":true,"userDisabled":false,"appDisabled":false,"installDate":1544770701896,"updateDate":1544770701896,"applyBackgroundUpdates":1,"bootstrap":true,"path":"C:\\Program Files (x86)\\Mozilla Firefox\\browser\\features\\activity-stream@mozilla.org.xpi","skinnable":false,"size":1280296,"sourceURI":null,"releaseNotesURI":null,"softDisabled":false,"foreignInstall":false,"hasBinaryComponents":false,"strictCompatibility":false,"locales":[],"targetApplications":[{"id":"{ec8030f7-c20a-464f-9b0e-13a3a9e97384}","minVersion":"56.0","maxVersion":"56.*"}],"targetPlatforms":[],"multiprocessCompatible":true,"seen":true,"dependencies":[],"hasEmbeddedWebExtension":false,"mpcOptedOut":false,"userPermissions":null,"icons":{},"iconURL":null,"icon64URL":null,"blocklistState":0,"blocklistURL":null}
1545294918805	addons.xpi	DEBUG	Updating XPIState for {"id":"aushelper@mozilla.org","syncGUID":"{679638b0-797e-4be3-aed7-8f59308453ca}","location":"app-system-defaults","version":"2.0","type":"extension","internalName":null,"updateURL":null,"updateKey":null,"optionsURL":null,"optionsType":null,"aboutURL":null,"defaultLocale":{"name":"Application Update Service Helper","description":"Sets value(s) in the update url based on custom checks.","creator":null,"homepageURL":null},"visible":true,"active":true,"userDisabled":false,"appDisabled":false,"installDate":1544770701825,"updateDate":1544770701825,"applyBackgroundUpdates":1,"bootstrap":true,"path":"C:\\Program Files (x86)\\Mozilla Firefox\\browser\\features\\aushelper@mozilla.org.xpi","skinnable":false,"size":8486,"sourceURI":null,"releaseNotesURI":null,"softDisabled":false,"foreignInstall":false,"hasBinaryComponents":false,"strictCompatibility":false,"locales":[],"targetApplications":[{"id":"{ec8030f7-c20a-464f-9b0e-13a3a9e97384}","minVersion":"56.0","maxVersion":"56.*"}],"targetPlatforms":[],"multiprocessCompatible":true,"seen":true,"dependencies":[],"hasEmbeddedWebExtension":false,"mpcOptedOut":false,"userPermissions":null,"icons":{},"iconURL":null,"icon64URL":null,"blocklistState":0,"blocklistURL":null}
1545294918805	addons.xpi	DEBUG	Updating XPIState for {"id":"clicktoplay-rollout@mozilla.org","syncGUID":"{5ffdc861-430a-4215-a542-ceb5e08f015e}","location":"app-system-defaults","version":"1.4","type":"extension","internalName":null,"updateURL":null,"updateKey":null,"optionsURL":null,"optionsType":null,"aboutURL":null,"defaultLocale":{"name":"Click-to-Play staged rollout","description":"Staged rollout for Click-to-Play Flash.","creator":null,"homepageURL":null},"visible":true,"active":true,"userDisabled":false,"appDisabled":false,"installDate":1544770701822,"updateDate":1544770701822,"applyBackgroundUpdates":1,"bootstrap":true,"path":"C:\\Program Files (x86)\\Mozilla Firefox\\browser\\features\\clicktoplay-rollout@mozilla.org.xpi","skinnable":false,"size":5779,"sourceURI":null,"releaseNotesURI":null,"softDisabled":false,"foreignInstall":false,"hasBinaryComponents":false,"strictCompatibility":false,"locales":[],"targetApplications":[{"id":"{ec8030f7-c20a-464f-9b0e-13a3a9e97384}","minVersion":"56.0","maxVersion":"56.*"}],"targetPlatforms":[],"multiprocessCompatible":true,"seen":true,"dependencies":[],"hasEmbeddedWebExtension":false,"mpcOptedOut":false,"userPermissions":null,"icons":{},"iconURL":null,"icon64URL":null,"blocklistState":0,"blocklistURL":null}
1545294918805	addons.xpi	DEBUG	Updating XPIState for {"id":"e10srollout@mozilla.org","syncGUID":"{c755ccb0-754c-4925-8466-6d3995e794d1}","location":"app-system-defaults","version":"3.00","type":"extension","internalName":null,"updateURL":null,"updateKey":null,"optionsURL":null,"optionsType":null,"aboutURL":null,"defaultLocale":{"name":"Multi-process staged rollout","description":"Staged rollout of Firefox multi-process feature.","creator":null,"homepageURL":null},"visible":true,"active":true,"userDisabled":false,"appDisabled":false,"installDate":1544770701819,"updateDate":1544770701819,"applyBackgroundUpdates":1,"bootstrap":true,"path":"C:\\Program Files (x86)\\Mozilla Firefox\\browser\\features\\e10srollout@mozilla.org.xpi","skinnable":false,"size":13710,"sourceURI":null,"releaseNotesURI":null,"softDisabled":false,"foreignInstall":false,"hasBinaryComponents":false,"strictCompatibility":false,"locales":[],"targetApplications":[{"id":"{ec8030f7-c20a-464f-9b0e-13a3a9e97384}","minVersion":"56.0","maxVersion":"56.*"}],"targetPlatforms":[],"multiprocessCompatible":true,"seen":true,"dependencies":[],"hasEmbeddedWebExtension":false,"mpcOptedOut":false,"userPermissions":null,"icons":{},"iconURL":null,"icon64URL":null,"blocklistState":0,"blocklistURL":null}
1545294918805	addons.xpi	DEBUG	Updating XPIState for {"id":"firefox@getpocket.com","syncGUID":"{2e6c862f-8840-4748-aa05-8712258b195d}","location":"app-system-defaults","version":"1.0.5","type":"extension","internalName":null,"updateURL":null,"updateKey":null,"optionsURL":null,"optionsType":null,"aboutURL":null,"defaultLocale":{"name":"Pocket","description":"When you find something you want to view later, put it in Pocket.","creator":null,"homepageURL":null},"visible":true,"active":true,"userDisabled":false,"appDisabled":false,"installDate":1544770701816,"updateDate":1544770701816,"applyBackgroundUpdates":1,"bootstrap":true,"path":"C:\\Program Files (x86)\\Mozilla Firefox\\browser\\features\\firefox@getpocket.com.xpi","skinnable":false,"size":1002023,"sourceURI":null,"releaseNotesURI":null,"softDisabled":false,"foreignInstall":false,"hasBinaryComponents":false,"strictCompatibility":false,"locales":[],"targetApplications":[{"id":"{ec8030f7-c20a-464f-9b0e-13a3a9e97384}","minVersion":"56.0","maxVersion":"56.*"}],"targetPlatforms":[],"multiprocessCompatible":true,"seen":true,"dependencies":[],"hasEmbeddedWebExtension":false,"mpcOptedOut":false,"userPermissions":null,"icons":{},"iconURL":null,"icon64URL":null,"blocklistState":0,"blocklistURL":null}
1545294918805	addons.xpi	DEBUG	Updating XPIState for {"id":"followonsearch@mozilla.com","syncGUID":"{ef3d12d5-7f13-4873-9c19-632af2ae24f2}","location":"app-system-defaults","version":"0.9.3","type":"extension","internalName":null,"updateURL":null,"updateKey":null,"optionsURL":null,"optionsType":null,"aboutURL":null,"defaultLocale":{"name":"Follow-on Search Telemetry","description":null,"creator":null,"homepageURL":null},"visible":true,"active":true,"userDisabled":false,"appDisabled":false,"installDate":1544770701742,"updateDate":1544770701742,"applyBackgroundUpdates":1,"bootstrap":true,"path":"C:\\Program Files (x86)\\Mozilla Firefox\\browser\\features\\followonsearch@mozilla.com.xpi","skinnable":false,"size":16802,"sourceURI":null,"releaseNotesURI":null,"softDisabled":false,"foreignInstall":false,"hasBinaryComponents":false,"strictCompatibility":false,"locales":[],"targetApplications":[{"id":"{ec8030f7-c20a-464f-9b0e-13a3a9e97384}","minVersion":"52.0","maxVersion":"59.*"}],"targetPlatforms":[],"multiprocessCompatible":true,"seen":true,"dependencies":[],"hasEmbeddedWebExtension":false,"mpcOptedOut":false,"userPermissions":null,"icons":{},"iconURL":null,"icon64URL":null,"blocklistState":0,"blocklistURL":null}
1545294918805	addons.xpi	DEBUG	Updating XPIState for {"id":"formautofill@mozilla.org","syncGUID":"{ef0e18ee-e51f-4dfb-a1d3-61e418f69ea6}","location":"app-system-defaults","version":"1.0","type":"extension","internalName":null,"updateURL":null,"updateKey":null,"optionsURL":null,"optionsType":null,"aboutURL":null,"defaultLocale":{"name":"Form Autofill","description":"Autofill forms with saved profiles","creator":null,"homepageURL":null},"visible":true,"active":true,"userDisabled":false,"appDisabled":false,"installDate":1544770701738,"updateDate":1544770701738,"applyBackgroundUpdates":1,"bootstrap":true,"path":"C:\\Program Files (x86)\\Mozilla Firefox\\browser\\features\\formautofill@mozilla.org.xpi","skinnable":false,"size":335585,"sourceURI":null,"releaseNotesURI":null,"softDisabled":false,"foreignInstall":false,"hasBinaryComponents":false,"strictCompatibility":false,"locales":[],"targetApplications":[{"id":"{ec8030f7-c20a-464f-9b0e-13a3a9e97384}","minVersion":"56.0","maxVersion":"56.*"}],"targetPlatforms":[],"multiprocessCompatible":true,"seen":true,"dependencies":[],"hasEmbeddedWebExtension":false,"mpcOptedOut":false,"userPermissions":null,"icons":{},"iconURL":null,"icon64URL":null,"blocklistState":0,"blocklistURL":null}
1545294918805	addons.xpi	DEBUG	Updating XPIState for {"id":"onboarding@mozilla.org","syncGUID":"{e04b0d3c-98bd-4f83-92a3-05be6f3ae42a}","location":"app-system-defaults","version":"0.1","type":"extension","internalName":null,"updateURL":null,"updateKey":null,"optionsURL":null,"optionsType":null,"aboutURL":null,"defaultLocale":{"name":"Photon onboarding","description":"Photon onboarding","creator":null,"homepageURL":null},"visible":true,"active":true,"userDisabled":false,"appDisabled":false,"installDate":1544770701722,"updateDate":1544770701722,"applyBackgroundUpdates":1,"bootstrap":true,"path":"C:\\Program Files (x86)\\Mozilla Firefox\\browser\\features\\onboarding@mozilla.org.xpi","skinnable":false,"size":426439,"sourceURI":null,"releaseNotesURI":null,"softDisabled":false,"foreignInstall":false,"hasBinaryComponents":false,"strictCompatibility":false,"locales":[],"targetApplications":[{"id":"{ec8030f7-c20a-464f-9b0e-13a3a9e97384}","minVersion":"56.0","maxVersion":"56.*"}],"targetPlatforms":[],"multiprocessCompatible":true,"seen":true,"dependencies":[],"hasEmbeddedWebExtension":false,"mpcOptedOut":false,"userPermissions":null,"icons":{},"iconURL":null,"icon64URL":null,"blocklistState":0,"blocklistURL":null}
1545294918805	addons.xpi	DEBUG	Updating XPIState for {"id":"screenshots@mozilla.org","syncGUID":"{73d0b99c-179b-45ff-9815-dffd09c223f5}","location":"app-system-defaults","version":"10.12.0","type":"extension","internalName":null,"updateURL":null,"updateKey":null,"optionsURL":null,"optionsType":null,"aboutURL":null,"defaultLocale":{"name":"Firefox Screenshots","description":null,"creator":null,"homepageURL":"https://pageshot.net/"},"visible":true,"active":true,"userDisabled":false,"appDisabled":false,"installDate":1544770701701,"updateDate":1544770701701,"applyBackgroundUpdates":1,"bootstrap":true,"path":"C:\\Program Files (x86)\\Mozilla Firefox\\browser\\features\\screenshots@mozilla.org.xpi","skinnable":false,"size":714554,"sourceURI":null,"releaseNotesURI":null,"softDisabled":false,"foreignInstall":false,"hasBinaryComponents":false,"strictCompatibility":false,"locales":[],"targetApplications":[{"id":"{ec8030f7-c20a-464f-9b0e-13a3a9e97384}","minVersion":"51.0a1","maxVersion":"*"}],"targetPlatforms":[],"multiprocessCompatible":true,"seen":true,"dependencies":[],"hasEmbeddedWebExtension":false,"mpcOptedOut":false,"userPermissions":null,"icons":{},"iconURL":null,"icon64URL":null,"blocklistState":0,"blocklistURL":null}
1545294918805	addons.xpi	DEBUG	Updating XPIState for {"id":"shield-recipe-client@mozilla.org","syncGUID":"{36ece3fe-cae7-409e-ab11-ccbf6a4d6bf4}","location":"app-system-defaults","version":"65","type":"extension","internalName":null,"updateURL":null,"updateKey":null,"optionsURL":null,"optionsType":null,"aboutURL":null,"defaultLocale":{"name":"Shield Recipe Client","description":"Client to download and run recipes for SHIELD, Heartbeat, etc.","creator":null,"homepageURL":null},"visible":true,"active":true,"userDisabled":false,"appDisabled":false,"installDate":1544770701666,"updateDate":1544770701666,"applyBackgroundUpdates":1,"bootstrap":true,"path":"C:\\Program Files (x86)\\Mozilla Firefox\\browser\\features\\shield-recipe-client@mozilla.org.xpi","skinnable":false,"size":362688,"sourceURI":null,"releaseNotesURI":null,"softDisabled":false,"foreignInstall":false,"hasBinaryComponents":false,"strictCompatibility":false,"locales":[],"targetApplications":[{"id":"{ec8030f7-c20a-464f-9b0e-13a3a9e97384}","minVersion":"56.0","maxVersion":"56.*"}],"targetPlatforms":[],"multiprocessCompatible":true,"seen":true,"dependencies":[],"hasEmbeddedWebExtension":false,"mpcOptedOut":false,"userPermissions":null,"icons":{},"iconURL":null,"icon64URL":null,"blocklistState":0,"blocklistURL":null}
1545294918805	addons.xpi	DEBUG	Updating XPIState for {"id":"webcompat@mozilla.org","syncGUID":"{2d46c097-e1d4-4bec-a047-a3c0b7e9a810}","location":"app-system-defaults","version":"1.1","type":"extension","internalName":null,"updateURL":null,"updateKey":null,"optionsURL":null,"optionsType":null,"aboutURL":null,"defaultLocale":{"name":"Web Compat","description":"Urgent post-release fixes for web compatibility.","creator":null,"homepageURL":null},"visible":true,"active":true,"userDisabled":false,"appDisabled":false,"installDate":1544770701650,"updateDate":1544770701650,"applyBackgroundUpdates":1,"bootstrap":true,"path":"C:\\Program Files (x86)\\Mozilla Firefox\\browser\\features\\webcompat@mozilla.org.xpi","skinnable":false,"size":8990,"sourceURI":null,"releaseNotesURI":null,"softDisabled":false,"foreignInstall":false,"hasBinaryComponents":false,"strictCompatibility":false,"locales":[],"targetApplications":[{"id":"{ec8030f7-c20a-464f-9b0e-13a3a9e97384}","minVersion":"56.0","maxVersion":"56.*"}],"targetPlatforms":[],"multiprocessCompatible":true,"seen":true,"dependencies":[],"hasEmbeddedWebExtension":false,"mpcOptedOut":false,"userPermissions":null,"icons":{},"iconURL":null,"icon64URL":null,"blocklistState":0,"blocklistURL":null}
1545294918805	addons.xpi	DEBUG	Updating XPIState for {"id":"{972ce4c6-7e08-4474-a285-3208198ce6fd}","syncGUID":"{13dc3c8e-8d5d-4f3b-8761-9dc606ed8c41}","location":"app-global","version":"56.0","type":"theme","internalName":"classic/1.0","updateURL":null,"updateKey":null,"optionsURL":null,"optionsType":null,"optionsBrowserStyle":null,"aboutURL":null,"defaultLocale":{"name":"Default","description":"The default theme.","creator":"Mozilla","homepageURL":null,"contributors":["Mozilla Contributors"]},"visible":true,"active":true,"userDisabled":false,"appDisabled":false,"installDate":1544770701900,"updateDate":1544770701900,"applyBackgroundUpdates":1,"path":"C:\\Program Files (x86)\\Mozilla Firefox\\browser\\extensions\\{972ce4c6-7e08-4474-a285-3208198ce6fd}.xpi","skinnable":true,"size":7141,"sourceURI":null,"releaseNotesURI":null,"softDisabled":false,"foreignInstall":false,"hasBinaryComponents":false,"strictCompatibility":true,"locales":[],"targetApplications":[{"id":"{ec8030f7-c20a-464f-9b0e-13a3a9e97384}","minVersion":"56.0","maxVersion":"56.0"}],"targetPlatforms":[],"seen":true,"dependencies":[],"hasEmbeddedWebExtension":false,"userPermissions":null,"icons":{},"iconURL":"chrome://browser/content/default-theme-icon.svg","icon64URL":null,"blocklistState":0,"blocklistURL":null}
1545294918806	DeferredSave.extensions.json	DEBUG	Save changes
1545294918806	addons.xpi	DEBUG	Updating database with changes to installed add-ons
1545294918806	addons.xpi-utils	DEBUG	Updating add-on states
1545294918810	addons.xpi	DEBUG	Registering manifest for C:\Program Files (x86)\Mozilla Firefox\browser\features\activity-stream@mozilla.org.xpi
1545294918811	addons.xpi	DEBUG	Calling bootstrap method startup on activity-stream@mozilla.org version 0.0.0
1545294918812	addons.xpi	DEBUG	Registering manifest for C:\Program Files (x86)\Mozilla Firefox\browser\features\aushelper@mozilla.org.xpi
1545294918813	addons.xpi	DEBUG	Calling bootstrap method startup on aushelper@mozilla.org version 2.0
1545294918814	addons.xpi	DEBUG	Registering manifest for C:\Program Files (x86)\Mozilla Firefox\browser\features\clicktoplay-rollout@mozilla.org.xpi
1545294918814	addons.xpi	DEBUG	Calling bootstrap method startup on clicktoplay-rollout@mozilla.org version 1.4
1545294918815	addons.xpi	DEBUG	Registering manifest for C:\Program Files (x86)\Mozilla Firefox\browser\features\e10srollout@mozilla.org.xpi
1545294918816	addons.xpi	DEBUG	Calling bootstrap method startup on e10srollout@mozilla.org version 3.00
1545294918816	addons.xpi	DEBUG	Registering manifest for C:\Program Files (x86)\Mozilla Firefox\browser\features\firefox@getpocket.com.xpi
1545294918817	addons.xpi	DEBUG	Calling bootstrap method startup on firefox@getpocket.com version 1.0.5
1545294918846	addons.xpi	DEBUG	Registering manifest for C:\Program Files (x86)\Mozilla Firefox\browser\features\followonsearch@mozilla.com.xpi
1545294918847	addons.xpi	DEBUG	Calling bootstrap method startup on followonsearch@mozilla.com version 0.9.3
1545294918847	addons.xpi	DEBUG	Registering manifest for C:\Program Files (x86)\Mozilla Firefox\browser\features\formautofill@mozilla.org.xpi
1545294918848	addons.xpi	DEBUG	Calling bootstrap method startup on formautofill@mozilla.org version 1.0
1545294918848	addons.xpi	DEBUG	Registering manifest for C:\Program Files (x86)\Mozilla Firefox\browser\features\onboarding@mozilla.org.xpi
1545294918849	addons.xpi	DEBUG	Calling bootstrap method startup on onboarding@mozilla.org version 0.1
1545294918849	addons.xpi	DEBUG	Registering manifest for C:\Program Files (x86)\Mozilla Firefox\browser\features\screenshots@mozilla.org.xpi
1545294918850	addons.xpi	DEBUG	Calling bootstrap method startup on screenshots@mozilla.org version 10.12.0
1545294918851	addons.xpi	DEBUG	Registering manifest for C:\Program Files (x86)\Mozilla Firefox\browser\features\shield-recipe-client@mozilla.org.xpi
1545294918852	addons.xpi	DEBUG	Calling bootstrap method startup on shield-recipe-client@mozilla.org version 65
1545294918859	addons.xpi	DEBUG	Registering manifest for C:\Program Files (x86)\Mozilla Firefox\browser\features\webcompat@mozilla.org.xpi
1545294918860	addons.xpi	DEBUG	Calling bootstrap method startup on webcompat@mozilla.org version 1.1
1545294918866	addons.manager	DEBUG	Registering shutdown blocker for XPIProvider
1545294918866	addons.manager	DEBUG	Provider finished startup: XPIProvider
1545294918866	addons.manager	DEBUG	Starting provider: LightweightThemeManager
1545294918866	addons.manager	DEBUG	Registering shutdown blocker for LightweightThemeManager
1545294918866	addons.manager	DEBUG	Provider finished startup: LightweightThemeManager
1545294918866	addons.manager	DEBUG	Starting provider: GMPProvider
1545294918880	addons.manager	DEBUG	Registering shutdown blocker for GMPProvider
1545294918880	addons.manager	DEBUG	Provider finished startup: GMPProvider
1545294918880	addons.manager	DEBUG	Starting provider: PluginProvider
1545294918880	addons.manager	DEBUG	Registering shutdown blocker for PluginProvider
1545294918880	addons.manager	DEBUG	Provider finished startup: PluginProvider
1545294918881	addons.manager	DEBUG	Completed startup sequence
1545294919105	Marionette	INFO	Enabled via --marionette
1545294919312	addons.manager	DEBUG	Starting provider: PreviousExperimentProvider
1545294919313	addons.manager	DEBUG	Registering shutdown blocker for PreviousExperimentProvider
1545294919313	addons.manager	DEBUG	Provider finished startup: PreviousExperimentProvider
1545294919314	DeferredSave.extensions.json	DEBUG	Starting write
1545294920504	DeferredSave.webext.sc.lz4	DEBUG	Save changes
1545294920504	DeferredSave.webext.sc.lz4	DEBUG	Starting timer
1545294920539	DeferredSave.webext.sc.lz4	DEBUG	Save changes
1545294920540	DeferredSave.webext.sc.lz4	DEBUG	Save changes
1545294920544	DeferredSave.webext.sc.lz4	DEBUG	Save changes
1545294920546	DeferredSave.webext.sc.lz4	DEBUG	Save changes
1545294920549	DeferredSave.webext.sc.lz4	DEBUG	Save changes
1545294920551	DeferredSave.webext.sc.lz4	DEBUG	Save changes
1545294920554	DeferredSave.webext.sc.lz4	DEBUG	Save changes
1545294920559	DeferredSave.webext.sc.lz4	DEBUG	Save changes
1545294920561	DeferredSave.webext.sc.lz4	DEBUG	Save changes
1545294920563	DeferredSave.webext.sc.lz4	DEBUG	Save changes
1545294920565	DeferredSave.webext.sc.lz4	DEBUG	Save changes
1545294920566	DeferredSave.webext.sc.lz4	DEBUG	Save changes
1545294920567	DeferredSave.webext.sc.lz4	DEBUG	Save changes
1545294920568	DeferredSave.webext.sc.lz4	DEBUG	Save changes
1545294920570	DeferredSave.webext.sc.lz4	DEBUG	Save changes
1545294920571	DeferredSave.webext.sc.lz4	DEBUG	Save changes
1545294920572	DeferredSave.webext.sc.lz4	DEBUG	Save changes
1545294920573	DeferredSave.webext.sc.lz4	DEBUG	Save changes
1545294920575	DeferredSave.webext.sc.lz4	DEBUG	Save changes
1545294920578	DeferredSave.webext.sc.lz4	DEBUG	Save changes
1545294920583	DeferredSave.webext.sc.lz4	DEBUG	Save changes
1545294920583	DeferredSave.webext.sc.lz4	DEBUG	Save changes
1545294920585	DeferredSave.webext.sc.lz4	DEBUG	Save changes
1545294920586	DeferredSave.webext.sc.lz4	DEBUG	Save changes
1545294920587	DeferredSave.webext.sc.lz4	DEBUG	Save changes
1545294920587	DeferredSave.webext.sc.lz4	DEBUG	Save changes
1545294920588	DeferredSave.webext.sc.lz4	DEBUG	Save changes
1545294920589	DeferredSave.webext.sc.lz4	DEBUG	Save changes
1545294920591	DeferredSave.webext.sc.lz4	DEBUG	Save changes
1545294920593	DeferredSave.webext.sc.lz4	DEBUG	Save changes
1545294920594	DeferredSave.webext.sc.lz4	DEBUG	Save changes
1545294920594	DeferredSave.webext.sc.lz4	DEBUG	Save changes
1545294920596	DeferredSave.webext.sc.lz4	DEBUG	Save changes
1545294920597	DeferredSave.webext.sc.lz4	DEBUG	Save changes
1545294920598	DeferredSave.webext.sc.lz4	DEBUG	Save changes
1545294920598	DeferredSave.webext.sc.lz4	DEBUG	Save changes
1545294920600	DeferredSave.webext.sc.lz4	DEBUG	Save changes
1545294920602	DeferredSave.webext.sc.lz4	DEBUG	Save changes
1545294920604	DeferredSave.webext.sc.lz4	DEBUG	Save changes
1545294920605	DeferredSave.webext.sc.lz4	DEBUG	Save changes
1545294920606	DeferredSave.webext.sc.lz4	DEBUG	Save changes
1545294920622	DeferredSave.webext.sc.lz4	DEBUG	Save changes
1545294920623	DeferredSave.webext.sc.lz4	DEBUG	Save changes
1545294920624	DeferredSave.webext.sc.lz4	DEBUG	Save changes
1545294920627	DeferredSave.webext.sc.lz4	DEBUG	Save changes
1545294920628	DeferredSave.webext.sc.lz4	DEBUG	Save changes
1545294920630	DeferredSave.webext.sc.lz4	DEBUG	Save changes
1545294920637	DeferredSave.webext.sc.lz4	DEBUG	Save changes
1545294920641	DeferredSave.extensions.json	DEBUG	Write succeeded
1545294920641	addons.xpi-utils	DEBUG	XPI Database saved, setting schema version preference to 22
1545294920651	DeferredSave.webext.sc.lz4	DEBUG	Save changes
1545294920713	DeferredSave.webext.sc.lz4	DEBUG	Save changes
1545294920973	addons.productaddons	INFO	sending request to: https://aus5.mozilla.org/update/3/GMP/56.0/20170926190823/WINNT_x86-msvc-x64/en-US/release/Windows_NT%2010.0.0.0%20(x64)/default/default/update.xml
1545294921176	DeferredSave.webext.sc.lz4	DEBUG	Save changes
[Child 21248] WARNING: pipe error: 109: file z:/build/build/src/ipc/chromium/src/chrome/common/i
###!!! [Child][MessageChannel] Error: (msgtype=0x2400FC,name=PContent::Msg_AsyncMessage) Channel closing: too late to send/recv, messages will be lost

pc_channel_win.cc, line 346
JavaScript error: jar:file:///C:/Program%20Files%20(x86)/Mozilla%20Firefox/omni.ja!/components/extension-process-script.js, line 339: NS_ERROR_UNEXPECTED: Component returned failure code: 0x8000ffff (NS_ERROR_UNEXPECTED) [nsIMessageSender.sendAsyncMessage]
[Child 21248] WARNING: pipe error1545294921344	addons.manager	DEBUG	Starting provider: <unnamed-provider>
1545294921344	addons.manager	DEBUG	Registering shutdown blocker for <unnamed-provider>
1545294921344	addons.manager	DEBUG	Provider finished startup: <unnamed-provider>
1545294921348	addons.xpi	INFO	Mapping activity-stream@mozilla.org to C:\Program Files (x86)\Mozilla Firefox\browser\features\activity-stream@mozilla.org.xpi
1545294921348	addons.xpi	INFO	Mapping aushelper@mozilla.org to C:\Program Files (x86)\Mozilla Firefox\browser\features\aushelper@mozilla.org.xpi
1545294921348	addons.xpi	INFO	Mapping clicktoplay-rollout@mozilla.org to C:\Program Files (x86)\Mozilla Firefox\browser\features\clicktoplay-rollout@mozilla.org.xpi
1545294921348	addons.xpi	INFO	Mapping e10srollout@mozilla.org to C:\Program Files (x86)\Mozilla Firefox\browser\features\e10srollout@mozilla.org.xpi
1545294921348	addons.xpi	INFO	Mapping firefox@getpocket.com to C:\Program Files (x86)\Mozilla Firefox\browser\features\firefox@getpocket.com.xpi
1545294921349	addons.xpi	INFO	Mapping followonsearch@mozilla.com to C:\Program Files (x86)\Mozilla Firefox\browser\features\followonsearch@mozilla.com.xpi
1545294921349	addons.xpi	INFO	Mapping formautofill@mozilla.org to C:\Program Files (x86)\Mozilla Firefox\browser\features\formautofill@mozilla.org.xpi
1545294921349	addons.xpi	INFO	Mapping onboarding@mozilla.org to C:\Program Files (x86)\Mozilla Firefox\browser\features\onboarding@mozilla.org.xpi
1545294921349	addons.xpi	INFO	Mapping screenshots@mozilla.org to C:\Program Files (x86)\Mozilla Firefox\browser\features\screenshots@mozilla.org.xpi
1545294921349	addons.xpi	INFO	Mapping shield-recipe-client@mozilla.org to C:\Program Files (x86)\Mozilla Firefox\browser\features\shield-recipe-client@mozilla.org.xpi
1545294921349	addons.xpi	INFO	Mapping webcompat@mozilla.org to C:\Program Files (x86)\Mozilla Firefox\browser\features\webcompat@mozilla.org.xpi
1545294921350	addons.xpi	DEBUG	Existing add-on activity-stream@mozilla.org in app-system-defaults
1545294921350	addons.xpi	DEBUG	Existing add-on aushelper@mozilla.org in app-system-defaults
1545294921351	addons.xpi	DEBUG	Existing add-on clicktoplay-rollout@mozilla.org in app-system-defaults
1545294921351	addons.xpi	DEBUG	Existing add-on e10srollout@mozilla.org in app-system-defaults
1545294921351	addons.xpi	DEBUG	Existing add-on firefox@getpocket.com in app-system-defaults
1545294921352	addons.xpi	DEBUG	Existing add-on followonsearch@mozilla.com in app-system-defaults
1545294921352	addons.xpi	DEBUG	Existing add-on formautofill@mozilla.org in app-system-defaults
1545294921352	addons.xpi	DEBUG	Existing add-on onboarding@mozilla.org in app-system-defaults
1545294921352	addons.xpi	DEBUG	Existing add-on screenshots@mozilla.org in app-system-defaults
1545294921353	addons.xpi	DEBUG	Existing add-on shield-recipe-client@mozilla.org in app-system-defaults
1545294921353	addons.xpi	DEBUG	Existing add-on webcompat@mozilla.org in app-system-defaults
1545294921354	addons.xpi	INFO	Mapping {972ce4c6-7e08-4474-a285-3208198ce6fd} to C:\Program Files (x86)\Mozilla Firefox\browser\extensions\{972ce4c6-7e08-4474-a285-3208198ce6fd}.xpi
1545294921354	addons.xpi	DEBUG	Existing add-on {972ce4c6-7e08-4474-a285-3208198ce6fd} in app-global
1545294921354	addons.xpi	DEBUG	getInstallState changed: false, state: {}
1545294921442	Marionette	INFO	Listening on port 1248
1545294921936	Marionette	WARN	TLS certificate errors will be ignored for this session
1545294921989	Marionette	DEBUG	Register listener.js for window 4294967297
1545294922063	Marionette	DEBUG	Received DOM event "beforeunload" for "about:blank"
1545294922193	Marionette	DEBUG	Received DOM event "pagehide" for "about:blank"
1545294922194	Marionette	DEBUG	Received DOM event "unload" for "about:blank"
1545294922553	Marionette	DEBUG	Received DOM event "DOMContentLoaded" for "https://10.92.10.156/sdpgui/index.php"
1545294922659	Marionette	DEBUG	Received DOM event "pageshow" for "https://10.92.10.156/sdpgui/index.php"
1545294925520	DeferredSave.webext.sc.lz4	DEBUG	Starting write
1545294925543	DeferredSave.webext.sc.lz4	DEBUG	Write succeeded
1545294925914	Marionette	DEBUG	Received DOM event "beforeunload" for "https://10.92.10.156/sdpgui/index.php"
1545294926039	Marionette	DEBUG	Received DOM event "pagehide" for "https://10.92.10.156/sdpgui/index.php"
1545294926041	Marionette	DEBUG	Received DOM event "unload" for "https://10.92.10.156/sdpgui/index.php"
1545294926084	Marionette	DEBUG	Received DOM event "DOMContentLoaded" for "https://10.92.10.156/sdpgui/index.php"
1545294929285	Marionette	DEBUG	Received DOM event "pageshow" for "https://10.92.10.156/sdpgui/index.php"
1545294931138	Marionette	1545294959464	addons.productaddons	WARN	Failed downloading via XHR, status: 0, reason: error
1545294980510	addons.productaddons	WARN	Failed downloading via XHR, status: 0, reason: error
1545295284941	addons.manager	INFO	Skipping background update check
1545295524985	DeferredSave.extensions.json	DEBUG	Save changes
1545295524986	DeferredSave.extensions.json	DEBUG	Starting timer
1545295525011	DeferredSave.extensions.json	DEBUG	Starting write
1545295525023	DeferredSave.extensions.json	DEBUG	Write succeeded
1545303659648	addons.xpi	DEBUG	Calling bootstrap method shutdown on webcompat@mozilla.org version 1.1
1545303659648	addons.xpi	DEBUG	Calling bootstrap method shutdown on shield-recipe-client@mozilla.org version 65
1545303659649	addons.xpi	DEBUG	Calling bootstrap method shutdown on screenshots@mozilla.org version 10.12.0
1545303659656	addons.xpi	DEBUG	Calling bootstrap method shutdown on onboarding@mozilla.org version 0.1
1545303659658	addons.xpi	DEBUG	Calling bootstrap method shutdown on formautofill@mozilla.org version 1.0
1545303659658	addons.xpi	DEBUG	Calling bootstrap method shutdown on followonsearch@mozilla.com version 0.9.3
1545303659659	addons.xpi	DEBUG	Calling bootstrap method shutdown on firefox@getpocket.com version 1.0.5
1545303659659	addons.xpi	DEBUG	Calling bootstrap method shutdown on e10srollout@mozilla.org version 3.00
1545303659660	addons.xpi	DEBUG	Calling bootstrap method shutdown on clicktoplay-rollout@mozilla.org version 1.4
1545303659663	addons.xpi	DEBUG	Calling bootstrap method shutdown on aushelper@mozilla.org version 2.0
1545303659664	addons.xpi	DEBUG	Calling bootstrap method shutdown on activity-stream@mozilla.org version 0.0.0
[Parent 20260] WARNING: pipe error: 109: file z:/build/build/src/ipc/chromium/src/chrome/common/ipc_channel_win.cc, line 346
1545303659769	addons.manager	DEBUG	shutdown
1545303659770	addons.manager	DEBUG	Calling shutdown blocker for XPIProvider
1545303659770	addons.xpi	DEBUG	shutdown
1545303659770	addons.xpi-utils	DEBUG	shutdown
1545303659770	addons.manager	DEBUG	Calling shutdown blocker for LightweightThemeManager
1545303659771	addons.manager	DEBUG	Calling shutdown blocker for GMPProvider
1545303659772	addons.manager	DEBUG	Calling shutdown blocker for PluginProvider
1545303659773	addons.manager	DEBUG	Calling shutdown blocker for PreviousExperimentProvider
1545303659773	addons.manager	DEBUG	Calling shutdown blocker for <unnamed-provider>
1545303659785	addons.manager	DEBUG	Async provider shutdown done

###!!! [Child][MessageChannel::SendAndWait] Error: Channel error: cannot send/recv

ns.manager	DEBUG	Async provider shutdown done
[GPU 16948] WARNING: pipe error: 109: file z:/build/build/src/ipc/chromium/src/chrome/common/ipc_channel_win.cc, line 346

###!!! [Child][MessageChannel::SendAndWait] Error: Channel error: cannot send/recv

Channel::SendAndWait] Error: Channel error: cannot send/recv

.xpi	DEBUG	Calling bootstrap method shutdown on aushelper@mozilla.org version 2.0
1544787182204	addons.xpi	DEBUG	Calling bootstrap method shutdown on activity-stream@mozilla.org version 0.0.0
[Child 13036] WARNING: pipe error: 109: file z:/build/build/src/ipc/chromium/src/chrome/common/ipc_channel_win.cc, line 346
1544787182305	addons.manager	DEBUG	shutdown
1544787182306	addons.manager	DEBUG	Calling shutdown blocker for XPIProvider
1544787182306	addons.xpi	DEBUG	shutdown
1544787182306	addons.xpi-utils	DEBUG	shutdown
1544787182306	addons.manager	DEBUG	Calling shutdown blocker for LightweightThemeManager
1544787182306	addons.manager	DEBUG	Calling shutdown blocker for GMPProvider
1544787182307	addons.manager	DEBUG	Calling shutdown blocker for PluginProvider
1544787182307	addons.manager	DEBUG	Calling shutdown blocker for PreviousExperimentProvider
1544787182307	addons.manager	DEBUG	Calling shutdown blocker for <unnamed-provider>
1544787182325	addons.manager	DEBUG	Async provider shutdown done

###!!! [Child][MessageChannel::SendAndWait] Error: Channel error: cannot send/recv

n on shield-recipe-client@mozilla.org version 65
1544784483109	addons.xpi	DEBUG	Calling bootstrap method shutdown on screenshots@mozilla.org version 10.12.0
1544784483116	addons.xpi	DEBUG	Calling bootstrap method shutdown on onboarding@mozilla.org version 0.1
1544784483117	addons.xpi	DEBUG	Calling bootstrap method shutdown on formautofill@mozilla.org version 1.0
1544784483119	addons.xpi	DEBUG	Calling bootstrap method shutdown on followonsearch@mozilla.com version 0.9.3
1544784483119	addons.xpi	DEBUG	Calling bootstrap method shutdown on firefox@getpocket.com version 1.0.5
1544784483120	addons.xpi	DEBUG	Calling bootstrap method shutdown on e10srollout@mozilla.org version 3.00
1544784483120	addons.xpi	DEBUG	Calling bootstrap method shutdown on clicktoplay-rollout@mozilla.org version 1.4
1544784483120	addons.xpi	DEBUG	Calling bootstrap method shutdown on aushelper@mozilla.org version 2.0
1544784483121	addons.xpi	DEBUG	Calling bootstrap method shutdown on activity-stream@mozilla.org version 0.0.0
g version 0.0.0
G	Received DOM event "pagehide" for "https://10.92.10.156/sdpgui/html/center.php?default=channel"
1544783932552	Marionette	DEBUG	Received DOM event "unload" for "https://10.92.10.156/sdpgui/html/center.php?default=channel"
1544783932746	Marionette	DEBUG	Received DOM event "DOMContentLoaded" for "https://10.92.10.156/sdpgui/html/channelConf.php"
1544783932755	Marionette	DEBUG	Received DOM event "pageshow" for "https://10.92.10.156/sdpgui/html/channelConf.php"
1544783934984	Marionette	DEBUG	Canceled page load listener because no navigation has been detected
1544783936052	Marionette	DEBUG	Received DOM event "beforeunload" for "https://10.92.10.156/sdpgui/html/channelConf.php"
1544783936202	Marionette	DEBUG	Received DOM event "pagehide" for "https://10.92.10.156/sdpgui/html/channelConf.php"
1544783936202	Marionette	DEBUG	Received DOM event "unload" for "https://10.92.10.156/sdpgui/html/channelConf.php"
1544783936232	Marionette	DEBUG	Received DOM event "DOMContentLoaded" for "https://10.92.10.156/sdpgui/html/SaveObject.php"
1544783936235	Marionette	DEBUG	Received DOM event "pageshow" for "https://10.92.10.156/sdpgui/html/SaveObject.php"
1544783936302	Marionette	DEBUG	Received DOM event "beforeunload" for "https://10.92.10.156/sdpgui/html/SaveObject.php"
1544783936416	Marionette	DEBUG	Received DOM event "pagehide" for "https://10.92.10.156/sdpgui/html/SaveObject.php"
1544783936418	Marionette	DEBUG	Received DOM event "unload" for "https://10.92.10.156/sdpgui/html/SaveObject.php"
1544783936645	Marionette	DEBUG	Received DOM event "DOMContentLoaded" for "https://10.92.10.156/sdpgui/html/center.php?default=channel"
1544783936648	Marionette	DEBUG	Received DOM event "pageshow" for "https://10.92.10.156/sdpgui/html/center.php?default=channel"
1544783937805	Marionette	DEBUG	Received DOM event "beforeunload" for "https://10.92.10.156/sdpgui/html/center.php?default=channel"
1544783937926	Marionette	DEBUG	Received DOM event "pagehide" for "https://10.92.10.156/sdpgui/html/center.php?default=channel"
1544783937929	Marionette	DEBUG	Received DOM event "unload" for "https://10.92.10.156/sdpgui/html/center.php?default=channel"
1544783938076	Marionette	DEBUG	Received DOM event "DOMContentLoaded" for "https://10.92.10.156/sdpgui/html/searchInitPage.php"
1544783938078	Marionette	DEBUG	Received DOM event "pageshow" for "https://10.92.10.156/sdpgui/html/searchInitPage.php"
1544783938134	Marionette	DEBUG	Received DOM event "beforeunload" for "https://10.92.10.156/sdpgui/html/searchInitPage.php"
1544783938273	Marionette	DEBUG	Received DOM event "pagehide" for "https://10.92.10.156/sdpgui/html/searchInitPage.php"
1544783938277	Marionette	DEBUG	Received DOM event "unload" for "https://10.92.10.156/sdpgui/html/searchInitPage.php"
1544783938512	Marionette	DEBUG	Received DOM event "DOMContentLoaded" for "https://10.92.10.156/sdpgui/html/channelConf.php?nameVal=test-33001&sMatrixType="
1544783938521	Marionette	DEBUG	Received DOM event "pageshow" for "https://10.92.10.156/sdpgui/html/channelConf.php?nameVal=test-33001&sMatrixType="
1544783939821	Marionette	DEBUG	Canceled page load listener because no navigation has been detected
1544783940420	Marionette	DEBUG	Canceled page load listener because no navigation has been detected
1544783941146	Marionette	DEBUG	Received DOM event "beforeunload" for "https://10.92.10.156/sdpgui/html/channelConf.php?nameVal=test-33001&sMatrixType="
1544783941301	Marionette	DEBUG	Received DOM event "pagehide" for "https://10.92.10.156/sdpgui/html/channelConf.php?nameVal=test-33001&sMatrixType="
1544783941303	Marionette	DEBUG	Received DOM event "unload" for "https://10.92.10.156/sdpgui/html/channelConf.php?nameVal=test-33001&sMatrixType="
1544783941343	Marionette	DEBUG	Received DOM event "DOMContentLoaded" for "https://10.92.10.156/sdpgui/html/SaveObject.php"
1544783941347	Marionette	DEBUG	Received DOM event "pageshow" for "https://10.92.10.156/sdpgui/html/SaveObject.php"
1544783941405	Marionette	DEBUG	Received DOM event "beforeunload" for "https://10.92.10.156/sdpgui/html/SaveObject.php"
1544783941515	Marionette	DEBUG	Received DOM event "pagehide" for "https://10.92.10.156/sdpgui/html/SaveObject.php"
1544783941517	Marionette	DEBUG	Received DOM event "unload" for "https://10.92.10.156/sdpgui/html/SaveObject.php"
1544783941749	Marionette	DEBUG	Received DOM event "DOMContentLoaded" for "https://10.92.10.156/sdpgui/html/center.php?default=channel"
1544783941755	Marionette	DEBUG	Received DOM event "pageshow" for "https://10.92.10.156/sdpgui/html/center.php?default=channel"
1544783942816	Marionette	DEBUG	Received DOM event "beforeunload" for "https://10.92.10.156/sdpgui/html/center.php?default=channel"
1544783942951	Marionette	DEBUG	Received DOM event "pagehide" for "https://10.92.10.156/sdpgui/html/center.php?default=channel"
1544783942959	Marionette	DEBUG	Received DOM event "unload" for "https://10.92.10.156/sdpgui/html/center.php?default=channel"
1544783943178	Marionette	DEBUG	Received DOM event "DOMContentLoaded" for "https://10.92.10.156/sdpgui/html/channelConf.php"
1544783943188	Marionette	DEBUG	Received DOM event "pageshow" for "https://10.92.10.156/sdpgui/html/channelConf.php"
1544783945252	Marionette	DEBUG	Canceled page load listener because no navigation has been detected
1544783946294	Marionette	DEBUG	Received DOM event "beforeunload" for "https://10.92.10.156/sdpgui/html/channelConf.php"
1544783946441	Marionette	DEBUG	Received DOM event "pagehide" for "https://10.92.10.156/sdpgui/html/channelConf.php"
1544783946446	Marionette	DEBUG	Received DOM event "unload" for "https://10.92.10.156/sdpgui/html/channelConf.php"
1544783946537	Marionette	DEBUG	Received DOM event "DOMContentLoaded" for "https://10.92.10.156/sdpgui/html/SaveObject.php"
1544783946541	Marionette	DEBUG	Received DOM event "pageshow" for "https://10.92.10.156/sdpgui/html/SaveObject.php"
1544783946605	Marionette	DEBUG	Received DOM event "beforeunload" for "https://10.92.10.156/sdpgui/html/SaveObject.php"
1544783946706	Marionette	DEBUG	Received DOM event "pagehide" for "https://10.92.10.156/sdpgui/html/SaveObject.php"
1544783946707	Marionette	DEBUG	Received DOM event "unload" for "https://10.92.10.156/sdpgui/html/SaveObject.php"
1544783946924	Marionette	DEBUG	Received DOM event "DOMContentLoaded" for "https://10.92.10.156/sdpgui/html/center.php?default=channel"
1544783946929	Marionette	DEBUG	Received DOM event "pageshow" for "https://10.92.10.156/sdpgui/html/center.php?default=channel"
1544783948093	Marionette	DEBUG	Received DOM event "beforeunload" for "https://10.92.10.156/sdpgui/html/center.php?default=channel"
1544783948200	Marionette	DEBUG	Received DOM event "pagehide" for "https://10.92.10.156/sdpgui/html/center.php?default=channel"
1544783948203	Marionette	DEBUG	Received DOM event "unload" for "https://10.92.10.156/sdpgui/html/center.php?default=channel"
1544783948331	Marionette	DEBUG	Received DOM event "DOMContentLoaded" for "https://10.92.10.156/sdpgui/html/searchInitPage.php"
1544783948335	Marionette	DEBUG	Received DOM event "pageshow" for "https://10.92.10.156/sdpgui/html/searchInitPage.php"
1544783948402	Marionette	DEBUG	Received DOM event "beforeunload" for "https://10.92.10.156/sdpgui/html/searchInitPage.php"
1544783948551	Marionette	DEBUG	Received DOM event "pagehide" for "https://10.92.10.156/sdpgui/html/searchInitPage.php"
1544783948552	Marionette	DEBUG	Received DOM event "unload" for "https://10.92.10.156/sdpgui/html/searchInitPage.php"
1544783948761	Marionette	DEBUG	Received DOM event "DOMContentLoaded" for "https://10.92.10.156/sdpgui/html/channelConf.php?nameVal=test-33001&sMatrixType="
1544783948771	Marionette	DEBUG	Received DOM event "pageshow" for "https://10.92.10.156/sdpgui/html/channelConf.php?nameVal=test-33001&sMatrixType="
1544783950068	Marionette	DEBUG	Canceled page load listener because no navigation has been detected
1544783950731	Marionette	DEBUG	Canceled page load listener because no navigation has been detected
1544783951410	Marionette	DEBUG	Received DOM event "beforeunload" for "https://10.92.10.156/sdpgui/html/channelConf.php?nameVal=test-33001&sMatrixType="
1544783951569	Marionette	DEBUG	Received DOM event "pagehide" for "https://10.92.10.156/sdpgui/html/channelConf.php?nameVal=test-33001&sMatrixType="
1544783951569	Marionette	DEBUG	Received DOM event "unload" for "https://10.92.10.156/sdpgui/html/channelConf.php?nameVal=test-33001&sMatrixType="
1544783951598	Marionette	DEBUG	Received DOM event "DOMContentLoaded" for "https://10.92.10.156/sdpgui/html/SaveObject.php"
1544783951600	Marionette	DEBUG	Received DOM event "pageshow" for "https://10.92.10.156/sdpgui/html/SaveObject.php"
1544783951676	Marionette	DEBUG	Received DOM event "beforeunload" for "https://10.92.10.156/sdpgui/html/SaveObject.php"
1544783951810	Marionette	DEBUG	Received DOM event "pagehide" for "https://10.92.10.156/sdpgui/html/SaveObject.php"
1544783951810	Marionette	DEBUG	Received DOM event "unload" for "https://10.92.10.156/sdpgui/html/SaveObject.php"
1544783952138	Marionette	DEBUG	Received DOM event "DOMContentLoaded" for "https://10.92.10.156/sdpgui/html/center.php?default=channel"
1544783952142	Marionette	DEBUG	Received DOM event "pageshow" for "https://10.92.10.156/sdpgui/html/center.php?default=channel"
1544783952206	Marionette	INFO	New connections will no longer be accepted
1544783952236	addons.xpi	DEBUG	Calling bootstrap method shutdown on webcompat@mozilla.org version 1.1
1544783952237	addons.xpi	DEBUG	Calling bootstrap method shutdown on shield-recipe-client@mozilla.org version 65
1544783952240	addons.xpi	DEBUG	Calling bootstrap method shutdown on screenshots@mozilla.org version 10.12.0
1544783952257	addons.xpi	DEBUG	Calling bootstrap method shutdown on onboarding@mozilla.org version 0.1
1544783952258	addons.xpi	DEBUG	Calling bootstrap method shutdown on formautofill@mozilla.org version 1.0
1544783952260	addons.xpi	DEBUG	Calling bootstrap method shutdown on followonsearch@mozilla.com version 0.9.3
1544783952261	addons.xpi	DEBUG	Calling bootstrap method shutdown on firefox@getpocket.com version 1.0.5
1544783952261	addons.xpi	DEBUG	Calling bootstrap method shutdown on e10srollout@mozilla.org version 3.00
1544783952262	addons.xpi	DEBUG	Calling bootstrap method shutdown on clicktoplay-rollout@mozilla.org version 1.4
1544783952263	addons.xpi	DEBUG	Calling bootstrap method shutdown on aushelper@mozilla.org version 2.0
1544783952263	addons.xpi	DEBUG	Calling bootstrap method shutdown on activity-stream@mozilla.org version 0.0.0
@mozilla.org version 65
1544777364318	addons.xpi	DEBUG	Calling bootstrap method shutdown on screenshots@mozilla.org version 10.12.0
1544777364338	addons.xpi	DEBUG	Calling bootstrap method shutdown on onboarding@mozilla.org version 0.1
1544777364342	addons.xpi	DEBUG	Calling bootstrap method shutdown on formautofill@mozilla.org version 1.0
1544777364343	addons.xpi	DEBUG	Calling bootstrap method shutdown on followonsearch@mozilla.com version 0.9.3
1544777364349	addons.xpi	DEBUG	Calling bootstrap method shutdown on firefox@getpocket.com version 1.0.5
1544777364350	addons.xpi	DEBUG	Calling bootstrap method shutdown on e10srollout@mozilla.org version 3.00
1544777364351	addons.xpi	DEBUG	Calling bootstrap method shutdown on clicktoplay-rollout@mozilla.org version 1.4
1544777364351	addons.xpi	DEBUG	Calling bootstrap method shutdown on aushelper@mozilla.org version 2.0
1544777364353	addons.xpi	DEBUG	Calling bootstrap method shutdown on activity-stream@mozilla.org version 0.0.0
[Parent 2500] WARNING: pipe error: 109: file z:/build/build/src/ipc/chromium/src/chrome/common/ipc_channel_win.cc, line 346
[Parent 2500] WARNING: pipe error: 109: file z:/build/build/src/ipc/chromium/src/chrome/common/ipc_channel_win.cc, line 346
[Child 1308] WARNING: pipe error: 109: file z:/build/build/src/ipc/chromium/src/chrome/common/ipc_channel_win.cc, line 346
[Child 1308] WA1544777364518	addons.manager	DEBUG	shutdown
1544777364518	addons.manager	DEBUG	Calling shutdown blocker for XPIProvider
1544777364518	addons.xpi	DEBUG	shutdown
1544777364518	addons.xpi-utils	DEBUG	shutdown
1544777364519	addons.manager	DEBUG	Calling shutdown blocker for LightweightThemeManager
1544777364519	addons.manager	DEBUG	Calling shutdown blocker for GMPProvider
1544777364520	addons.manager	DEBUG	Calling shutdown blocker for PluginProvider
1544777364520	addons.manager	DEBUG	Calling shutdown blocker for PreviousExperimentProvider
1544777364520	addons.manager	DEBUG	Calling shutdown blocker for <unnamed-provider>
1544777364535	addons.manager	DEBUG	Async provider shutdown done

###!!! [Child][MessageChannel::SendAndWait] Error: Channel error: cannot send/recv

1551679629926	mozrunner::runner	INFO	Running command: "/usr/bin/firefox" "-marionette" "-foreground" "-no-remote" "-profile" "/tmp/rust_mozprofile.u8vJoz3vuaHZ"
1551679631674	Marionette	INFO	Listening on port 2828
1551679669196	mozrunner::runner	INFO	Running command: "/usr/bin/firefox" "-marionette" "-foreground" "-no-remote" "-profile" "/tmp/rust_mozprofile.uK923TTtAVE9"
1551679670316	Marionette	INFO	Listening on port 2828
1551680136115	mozrunner::runner	INFO	Running command: "/usr/bin/firefox" "-marionette" "-foreground" "-no-remote" "-profile" "/tmp/rust_mozprofile.8cNvJW5zJrPG"
1551680187834	mozrunner::runner	INFO	Running command: "/usr/bin/firefox" "-marionette" "-foreground" "-no-remote" "-profile" "/tmp/rust_mozprofile.Rz26M6xx8nUW"
1551680188612	Marionette	INFO	Listening on port 2828
1551680887936	mozrunner::runner	INFO	Running command: "/usr/bin/firefox" "-marionette" "-foreground" "-no-remote" "-profile" "/tmp/rust_mozprofile.lOj2aTskIj8G"
1551680888776	Marionette	INFO	Listening on port 2828
1551681110946	mozrunner::runner	INFO	Running command: "/usr/bin/firefox" "-marionette" "-foreground" "-no-remote" "-profile" "/tmp/rust_mozprofile.nkZhiqj7FCPZ"
1551681113402	Marionette	INFO	Listening on port 2828
